#
# There is insufficient memory for the Java Runtime Environment to continue.
# Native memory allocation (malloc) failed to allocate 131088 bytes for Chunk::new
# Possible reasons:
#   The system is out of physical RAM or swap space
#   In 32 bit mode, the process size limit was hit
# Possible solutions:
#   Reduce memory load on the system
#   Increase physical memory or swap space
#   Check if swap backing store is full
#   Use 64 bit Java on a 64 bit OS
#   Decrease Java heap size (-Xmx/-Xms)
#   Decrease number of Java threads
#   Decrease Java thread stack sizes (-Xss)
#   Set larger code cache with -XX:ReservedCodeCacheSize=
# This output file may be truncated or incomplete.
#
#  Out of Memory Error (allocation.cpp:390), pid=78816, tid=0x00000000000139d8
#
# JRE version: Java(TM) SE Runtime Environment (8.0_111-b14) (build 1.8.0_111-b14)
# Java VM: Java HotSpot(TM) 64-Bit Server VM (25.111-b14 mixed mode windows-amd64 compressed oops)
# Failed to write core dump. Minidumps are not enabled by default on client versions of Windows
#

---------------  T H R E A D  ---------------

Current thread (0x0000000013a40800):  JavaThread "C2 CompilerThread0" daemon [_thread_in_native, id=80344, stack(0x0000000015080000,0x0000000015180000)]

Stack: [0x0000000015080000,0x0000000015180000]
[error occurred during error reporting (printing stack bounds), id 0xc0000005]

Native frames: (J=compiled Java code, j=interpreted, Vv=VM code, C=native code)


Current CompileTask:
C2:   1974  600       4       com.android.dex.EncodedValueReader::skipValue (348 bytes)


---------------  P R O C E S S  ---------------

Java Threads: ( => current thread )
  0x0000000013a9d800 JavaThread "Service Thread" daemon [_thread_blocked, id=78860, stack(0x0000000015780000,0x0000000015880000)]
  0x0000000013a48800 JavaThread "C1 CompilerThread2" daemon [_thread_in_vm, id=76988, stack(0x0000000015280000,0x0000000015380000)]
  0x0000000013a45800 JavaThread "C2 CompilerThread1" daemon [_thread_in_native, id=81024, stack(0x0000000015180000,0x0000000015280000)]
=>0x0000000013a40800 JavaThread "C2 CompilerThread0" daemon [_thread_in_native, id=80344, stack(0x0000000015080000,0x0000000015180000)]
  0x0000000013a3e800 JavaThread "Attach Listener" daemon [_thread_blocked, id=80592, stack(0x0000000014f80000,0x0000000015080000)]
  0x0000000013a3b800 JavaThread "Signal Dispatcher" daemon [_thread_blocked, id=80048, stack(0x0000000014e80000,0x0000000014f80000)]
  0x0000000013a2a800 JavaThread "Finalizer" daemon [_thread_blocked, id=81724, stack(0x0000000014c90000,0x0000000014d90000)]
  0x0000000002611000 JavaThread "Reference Handler" daemon [_thread_blocked, id=81400, stack(0x0000000014b90000,0x0000000014c90000)]
  0x0000000002523000 JavaThread "main" [_thread_in_Java, id=78392, stack(0x00000000023a0000,0x00000000024a0000)]

Other Threads:
  0x0000000013a08000 VMThread [stack: 0x0000000014a90000,0x0000000014b90000] [id=78880]
  0x00000000153b6800 WatcherThread [stack: 0x0000000015880000,0x0000000015980000] [id=78188]

VM state:not at safepoint (normal execution)

VM Mutex/Monitor currently owned by a thread: None

Heap:
 PSYoungGen      total 70656K, used 9422K [0x00000000f5580000, 0x00000000f9f80000, 0x0000000100000000)
  eden space 65536K, 6% used [0x00000000f5580000,0x00000000f59b7330,0x00000000f9580000)
  from space 5120K, 99% used [0x00000000f9a80000,0x00000000f9f7c7c0,0x00000000f9f80000)
  to   space 5120K, 0% used [0x00000000f9580000,0x00000000f9580000,0x00000000f9a80000)
 ParOldGen       total 86016K, used 28390K [0x00000000e0000000, 0x00000000e5400000, 0x00000000f5580000)
  object space 86016K, 33% used [0x00000000e0000000,0x00000000e1bb9800,0x00000000e5400000)
 Metaspace       used 4540K, capacity 5400K, committed 5760K, reserved 1056768K
  class space    used 498K, capacity 528K, committed 640K, reserved 1048576K

Card table byte_map: [0x00000000119e0000,0x0000000011af0000] byte_map_base: 0x00000000112e0000

Marking Bits: (ParMarkBitMap*) 0x000000006787a6c0
 Begin Bits: [0x0000000011fa0000, 0x00000000127a0000)
 End Bits:   [0x00000000127a0000, 0x0000000012fa0000)

Polling page: 0x0000000000700000

CodeCache: size=245760Kb used=2924Kb max_used=2924Kb free=242835Kb
 bounds [0x0000000002620000, 0x0000000002900000, 0x0000000011620000]
 total_blobs=1093 nmethods=830 adapters=176
 compilation: disabled (not enough contiguous free space left)

Compilation events (10 events):
Event: 1.808 Thread 0x0000000013a48800  706       3       sun.net.www.ParseUtil::encodePath (336 bytes)
Event: 1.811 Thread 0x0000000013a48800 nmethod 706 0x00000000028bb1d0 code [0x00000000028bb440, 0x00000000028bc458]
Event: 1.811 Thread 0x0000000013a48800  707   !   3       java.util.zip.ZipFile$ZipFileInputStream::close (110 bytes)
Event: 1.811 Thread 0x0000000013a48800 nmethod 707 0x00000000028bcbd0 code [0x00000000028bcd80, 0x00000000028bd598]
Event: 1.812 Thread 0x0000000013a48800  708       3       java.nio.charset.CharsetEncoder::maxBytesPerChar (5 bytes)
Event: 1.812 Thread 0x0000000013a48800 nmethod 708 0x00000000028bd910 code [0x00000000028bda60, 0x00000000028bdbb0]
Event: 1.812 Thread 0x0000000013a48800  709       3       java.util.zip.ZipCoder::getBytes (192 bytes)
Event: 1.815 Thread 0x0000000013a48800 nmethod 709 0x00000000028bdfd0 code [0x00000000028be380, 0x00000000028c06b8]
Event: 1.815 Thread 0x0000000013a48800  710       3       java.util.zip.ZipCoder::encoder (35 bytes)
Event: 1.816 Thread 0x0000000013a48800 nmethod 710 0x00000000028c1850 code [0x00000000028c19e0, 0x00000000028c2048]

GC Heap History (2 events):
Event: 1.179 GC heap before
{Heap before GC invocations=1 (full 0):
 PSYoungGen      total 37888K, used 32768K [0x00000000f5580000, 0x00000000f7f80000, 0x0000000100000000)
  eden space 32768K, 100% used [0x00000000f5580000,0x00000000f7580000,0x00000000f7580000)
  from space 5120K, 0% used [0x00000000f7a80000,0x00000000f7a80000,0x00000000f7f80000)
  to   space 5120K, 0% used [0x00000000f7580000,0x00000000f7580000,0x00000000f7a80000)
 ParOldGen       total 86016K, used 0K [0x00000000e0000000, 0x00000000e5400000, 0x00000000f5580000)
  object space 86016K, 0% used [0x00000000e0000000,0x00000000e0000000,0x00000000e5400000)
 Metaspace       used 3993K, capacity 4984K, committed 5120K, reserved 1056768K
  class space    used 444K, capacity 496K, committed 512K, reserved 1048576K
Event: 1.195 GC heap after
Heap after GC invocations=1 (full 0):
 PSYoungGen      total 37888K, used 5103K [0x00000000f5580000, 0x00000000f9f80000, 0x0000000100000000)
  eden space 32768K, 0% used [0x00000000f5580000,0x00000000f5580000,0x00000000f7580000)
  from space 5120K, 99% used [0x00000000f7580000,0x00000000f7a7bdc8,0x00000000f7a80000)
  to   space 5120K, 0% used [0x00000000f9a80000,0x00000000f9a80000,0x00000000f9f80000)
 ParOldGen       total 86016K, used 22224K [0x00000000e0000000, 0x00000000e5400000, 0x00000000f5580000)
  object space 86016K, 25% used [0x00000000e0000000,0x00000000e15b4350,0x00000000e5400000)
 Metaspace       used 3993K, capacity 4984K, committed 5120K, reserved 1056768K
  class space    used 444K, capacity 496K, committed 512K, reserved 1048576K
}

Deoptimization events (10 events):
Event: 1.610 Thread 0x0000000002523000 Uncommon trap: reason=class_check action=maybe_recompile pc=0x00000000027e19ec method=com.android.dex.Leb128.readUnsignedLeb128(Lcom/android/dex/util/ByteInput;)I @ 5
Event: 1.610 Thread 0x0000000002523000 Uncommon trap: reason=class_check action=maybe_recompile pc=0x00000000027e19ec method=com.android.dex.Leb128.readUnsignedLeb128(Lcom/android/dex/util/ByteInput;)I @ 5
Event: 1.660 Thread 0x0000000002523000 Uncommon trap: reason=class_check action=maybe_recompile pc=0x0000000002815d5c method=com.android.dx.merge.DexMerger$IdMerger$UnsortedValue.compareTo(Lcom/android/dx/merge/DexMerger$IdMerger$UnsortedValue;)I @ 8
Event: 1.660 Thread 0x0000000002523000 Uncommon trap: reason=class_check action=maybe_recompile pc=0x0000000002815d5c method=com.android.dx.merge.DexMerger$IdMerger$UnsortedValue.compareTo(Lcom/android/dx/merge/DexMerger$IdMerger$UnsortedValue;)I @ 8
Event: 1.660 Thread 0x0000000002523000 Uncommon trap: reason=class_check action=maybe_recompile pc=0x0000000002815d5c method=com.android.dx.merge.DexMerger$IdMerger$UnsortedValue.compareTo(Lcom/android/dx/merge/DexMerger$IdMerger$UnsortedValue;)I @ 8
Event: 1.660 Thread 0x0000000002523000 Uncommon trap: reason=class_check action=maybe_recompile pc=0x0000000002815d5c method=com.android.dx.merge.DexMerger$IdMerger$UnsortedValue.compareTo(Lcom/android/dx/merge/DexMerger$IdMerger$UnsortedValue;)I @ 8
Event: 1.660 Thread 0x0000000002523000 Uncommon trap: reason=class_check action=maybe_recompile pc=0x000000000281a138 method=com.android.dx.merge.DexMerger$IdMerger$UnsortedValue.compareTo(Lcom/android/dx/merge/DexMerger$IdMerger$UnsortedValue;)I @ 8
Event: 1.724 Thread 0x0000000002523000 Uncommon trap: reason=unstable_if action=reinterpret pc=0x0000000002825bd4 method=java.util.HashMap.putVal(ILjava/lang/Object;Ljava/lang/Object;ZZ)Ljava/lang/Object; @ 109
Event: 1.724 Thread 0x0000000002523000 Uncommon trap: reason=unstable_if action=reinterpret pc=0x000000000282aca0 method=java.util.HashMap.putVal(ILjava/lang/Object;Ljava/lang/Object;ZZ)Ljava/lang/Object; @ 109
Event: 1.736 Thread 0x0000000002523000 Uncommon trap: reason=unstable_if action=reinterpret pc=0x000000000287521c method=com.android.dex.EncodedValueCodec.readUnsignedInt(Lcom/android/dex/util/ByteInput;IZ)I @ 3

Internal exceptions (2 events):
Event: 0.086 Thread 0x0000000002523000 Exception <a 'java/lang/NoSuchMethodError': Method sun.misc.Unsafe.defineClass(Ljava/lang/String;[BII)Ljava/lang/Class; name or signature does not match> (0x00000000f5587c78) thrown at [C:\re\workspace\8-2-build-windows-amd64-cygwin\jdk8u111\7883\hotspot\
Event: 0.086 Thread 0x0000000002523000 Exception <a 'java/lang/NoSuchMethodError': Method sun.misc.Unsafe.prefetchRead(Ljava/lang/Object;J)V name or signature does not match> (0x00000000f5587f60) thrown at [C:\re\workspace\8-2-build-windows-amd64-cygwin\jdk8u111\7883\hotspot\src\share\vm\prims

Events (10 events):
Event: 1.820 loading class com/android/dx/io/instructions/ShortArrayCodeInput
Event: 1.820 loading class com/android/dx/io/instructions/ShortArrayCodeInput done
Event: 1.821 loading class com/android/dx/io/instructions/BaseCodeCursor
Event: 1.821 loading class com/android/dx/io/instructions/BaseCodeCursor done
Event: 1.822 loading class com/android/dx/io/instructions/AddressMap
Event: 1.822 loading class com/android/dx/io/instructions/AddressMap done
Event: 1.823 loading class com/android/dx/io/Opcodes
Event: 1.823 loading class com/android/dx/io/Opcodes done
Event: 1.824 loading class com/android/dx/io/OpcodeInfo
Event: 1.824 loading class com/android/dx/io/OpcodeInfo done


Dynamic libraries:
0x00007ff613e10000 - 0x00007ff613e47000 	C:\Program Files\Java\jdk1.8.0_111\bin\java.exe
0x00007fffa9400000 - 0x00007fffa95d1000 	C:\WINDOWS\SYSTEM32\ntdll.dll
0x00007fffa6e50000 - 0x00007fffa6efc000 	C:\WINDOWS\System32\KERNEL32.DLL
0x00007fffa6770000 - 0x00007fffa698d000 	C:\WINDOWS\System32\KERNELBASE.dll
0x00007fffa8be0000 - 0x00007fffa8c82000 	C:\WINDOWS\System32\ADVAPI32.dll
0x00007fffa6be0000 - 0x00007fffa6c7e000 	C:\WINDOWS\System32\msvcrt.dll
0x00007fffa69b0000 - 0x00007fffa6a09000 	C:\WINDOWS\System32\sechost.dll
0x00007fffa85c0000 - 0x00007fffa86e1000 	C:\WINDOWS\System32\RPCRT4.dll
0x00007fffa8ff0000 - 0x00007fffa9155000 	C:\WINDOWS\System32\USER32.dll
0x00007fffa5a00000 - 0x00007fffa5a1e000 	C:\WINDOWS\System32\win32u.dll
0x00007fffa8580000 - 0x00007fffa85b4000 	C:\WINDOWS\System32\GDI32.dll
0x00007fffa5eb0000 - 0x00007fffa6030000 	C:\WINDOWS\System32\gdi32full.dll
0x00007fff99d20000 - 0x00007fff99f9a000 	C:\WINDOWS\WinSxS\amd64_microsoft.windows.common-controls_6595b64144ccf1df_6.0.14393.953_none_42151e83c686086b\COMCTL32.dll
0x00007fffa8d00000 - 0x00007fffa8fc8000 	C:\WINDOWS\System32\combase.dll
0x00007fffa5900000 - 0x00007fffa59f5000 	C:\WINDOWS\System32\ucrtbase.dll
0x00007fffa5b20000 - 0x00007fffa5b8a000 	C:\WINDOWS\System32\bcryptPrimitives.dll
0x00007fffa6a10000 - 0x00007fffa6a3e000 	C:\WINDOWS\System32\IMM32.DLL
0x0000000067900000 - 0x00000000679d2000 	C:\Program Files\Java\jdk1.8.0_111\jre\bin\msvcr100.dll
0x0000000067060000 - 0x00000000678fa000 	C:\Program Files\Java\jdk1.8.0_111\jre\bin\server\jvm.dll
0x00007fffa69a0000 - 0x00007fffa69a8000 	C:\WINDOWS\System32\PSAPI.DLL
0x00007fffa3400000 - 0x00007fffa3423000 	C:\WINDOWS\SYSTEM32\WINMM.dll
0x00007fff98670000 - 0x00007fff9867a000 	C:\WINDOWS\SYSTEM32\VERSION.dll
0x00007fff976f0000 - 0x00007fff976f9000 	C:\WINDOWS\SYSTEM32\WSOCK32.dll
0x00007fffa8c90000 - 0x00007fffa8cfa000 	C:\WINDOWS\System32\WS2_32.dll
0x00007fffa33a0000 - 0x00007fffa33cb000 	C:\WINDOWS\SYSTEM32\WINMMBASE.dll
0x00007fffa5ad0000 - 0x00007fffa5b12000 	C:\WINDOWS\System32\cfgmgr32.dll
0x0000000067050000 - 0x000000006705f000 	C:\Program Files\Java\jdk1.8.0_111\jre\bin\verify.dll
0x0000000067020000 - 0x0000000067049000 	C:\Program Files\Java\jdk1.8.0_111\jre\bin\java.dll
0x0000000067000000 - 0x0000000067016000 	C:\Program Files\Java\jdk1.8.0_111\jre\bin\zip.dll
0x00007fffa7070000 - 0x00007fffa8578000 	C:\WINDOWS\System32\SHELL32.dll
0x00007fffa6030000 - 0x00007fffa670a000 	C:\WINDOWS\System32\windows.storage.dll
0x00007fffa5870000 - 0x00007fffa58bc000 	C:\WINDOWS\System32\powrprof.dll
0x00007fffa93a0000 - 0x00007fffa93f2000 	C:\WINDOWS\System32\shlwapi.dll
0x00007fffa58f0000 - 0x00007fffa58ff000 	C:\WINDOWS\System32\kernel.appcore.dll
0x00007fffa5a20000 - 0x00007fffa5ac9000 	C:\WINDOWS\System32\shcore.dll
0x00007fffa58d0000 - 0x00007fffa58e4000 	C:\WINDOWS\System32\profapi.dll

VM Arguments:
jvm_args: -Djava.awt.headless=true -Xmx1024M -Dfile.encoding=windows-1252 -Duser.country=US -Duser.language=en -Duser.variant -Xmx512M 
java_command: com.android.dx.command.Main --dex --num-threads=4 --output G:\projetEvaluation\NYT_week2_2\app\build\intermediates\transforms\dex\debug\folders\1000\1f\main G:\projetEvaluation\NYT_week2_2\app\build\intermediates\pre-dexed\debug\classes_875ac207fc2d62d29602a8e87f97a9327577734c.jar G:\projetEvaluation\NYT_week2_2\app\build\intermediates\pre-dexed\debug\debug_aad828cfb955b616c3baf1195c3485fd6e7031c7.jar G:\projetEvaluation\NYT_week2_2\app\build\intermediates\pre-dexed\debug\glide-3.7.0_9f0e37bab109a950e36a73f6ffed3eb80b0f1af6.jar G:\projetEvaluation\NYT_week2_2\app\build\intermediates\pre-dexed\debug\classes_63c2e85e8945cb8550e63bd87f30b169008d8a30.jar G:\projetEvaluation\NYT_week2_2\app\build\intermediates\pre-dexed\debug\classes_63b725535904b7c22febae422f3e5ba740ef37a9.jar G:\projetEvaluation\NYT_week2_2\app\build\intermediates\pre-dexed\debug\picasso-2.5.2_e0f15b3b3d706b23bdbaa652dbe2cbac3a0dfb3e.jar G:\projetEvaluation\NYT_week2_2\app\build\intermediates\pre-dexed\debug\httpclient-4.3.6_a4e6b48bb6264178a23929bf7c53c30ed2d462ba.jar G:\projetEvaluation\NYT_week2_2\app\build\intermediates\pre-dexed\debug\internal_impl-23.1.1_e0505a90ae5ce07cf3c0ebf4fd611aaa1d3d53a6.jar G:\projetEvaluation\NYT_week2_2\app\build\intermediates\pre-dexed\debug\support-annotations-23.1.1_3e17e1da7bfbb0a3607a2c3b5dc30233692c95ac.jar G:\projetEvaluation\NYT_week2_2\app\build\intermediates\pre-dexed\debug\classes_28c5b85706dadbbd9d198474e0cdda25e7701d02.jar G:\projetEvaluation\NYT_week2_2\app\build\intermediates\pre-dexed\debug\classes_3d9a514de28e72b3c1df545931c1be9096ba4a94.jar G:\projetEvaluation\NYT_week2_2\app\build\intermediates\pre-dexed\debug\parceler-api-1.0.4_973f5bd4c986eb7190ae1b9a2bba9059b511eb17.jar G:\projetEvaluation\NYT_week2_2\app\build\intermediates\pre-dexed\debug\commons-lang3-3.4_dc017977e79bd542625e516472e0fb48f740f84f.jar G:\projetEvaluation\NYT_week2_2\app\build\intermediates\pre-dexed\debug\android-async-http-1.4.9_3c3fc9914eea7cdf56d0a4f918eaf41e19f
java_class_path (initial): C:\Users\domin\AppData\Local\Android\sdk\build-tools\25.0.0\lib\dx.jar
Launcher Type: SUN_STANDARD

Environment Variables:
_JAVA_OPTIONS=-Xmx512M
CLASSPATH=.;C:\Program Files (x86)\QuickTime\QTSystem\QTJava.zip
PATH=C:\ProgramData\Oracle\Java\javapath;C:\WINDOWS\system32;C:\WINDOWS;C:\WINDOWS\System32\Wbem;C:\WINDOWS\System32\WindowsPowerShell\v1.0\;C:\Program Files (x86)\QuickTime\QTSystem\;C:\Program Files (x86)\Windows Kits\8.1\Windows Performance Toolkit\;C:\Program Files\Microsoft SQL Server\110\Tools\Binn\;C:\Program Files\Microsoft SQL Server\120\DTS\Binn\;C:\Program Files\Microsoft SQL Server\Client SDK\ODBC\110\Tools\Binn\;C:\Program Files (x86)\Microsoft SQL Server\120\Tools\Binn\;C:\Program Files\Microsoft SQL Server\120\Tools\Binn\;C:\Program Files (x86)\Microsoft SQL Server\120\Tools\Binn\ManagementStudio\;C:\Program Files (x86)\Microsoft SQL Server\120\DTS\Binn\;C:\android-sdk-windows\;C:\Program Files (x86)\Skype\Phone\;C:\Program Files (x86)\Calibre2\;C:\Program Files (x86)\Windows Live\Shared;C:\Program Files (x86)\GtkSharp\2.12\bin;C:\Program Files\Git\cmd;C:\Users\domin\AppData\Local\Microsoft\WindowsApps;
USERNAME=domin
OS=Windows_NT
PROCESSOR_IDENTIFIER=Intel64 Family 6 Model 37 Stepping 5, GenuineIntel



---------------  S Y S T E M  ---------------

OS: Windows 10.0 , 64 bit Build 14393 (10.0.14393.1198)

CPU:total 4 (2 cores per cpu, 2 threads per core) family 6 model 37 stepping 5, cmov, cx8, fxsr, mmx, sse, sse2, sse3, ssse3, sse4.1, sse4.2, popcnt, ht, tsc, tscinvbit

Memory: 4k page, physical 8181612k(1455092k free), swap 10121068k(3160k free)

vm_info: Java HotSpot(TM) 64-Bit Server VM (25.111-b14) for windows-amd64 JRE (1.8.0_111-b14), built on Sep 22 2016 19:24:05 by "java_re" with MS VC++ 10.0 (VS2010)

time: Sun Jul 30 17:10:24 2017
elapsed time: 2 seconds (0d 0h 0m 2s)

